<?xml version="1.0" encoding="UTF-8"?>
<testsuite name="ru.nsu.stolyarov.HashTableTest" tests="1" skipped="0" failures="0" errors="0" timestamp="2024-11-08T07:46:40" hostname="archlinux" time="0.027">
  <properties/>
  <testcase name="test()" classname="ru.nsu.stolyarov.HashTableTest" time="0.027"/>
  <system-out><![CDATA[]]></system-out>
  <system-err><![CDATA[]]></system-err>
</testsuite>
